<?xml version="1.0" encoding="UTF-8"?>
<!-- Generated by org.testng.reporters.JUnitReportReporter -->
<testsuite hostname="LAPTOP-B72BE05F" failures="0" tests="6" name="tiktzuki.selenium_grid.testcases.profile_modify.TestProfileModify" time="0.011" errors="0" timestamp="17 Apr 2021 14:09:40 GMT" skipped="0">
  <testcase classname="tiktzuki.selenium_grid.testcases.profile_modify.TestProfileModify" name="checkUserList" time="0.006"/>
  <testcase classname="tiktzuki.selenium_grid.testcases.profile_modify.TestProfileModify" name="checkUserList" time="0.002"/>
  <testcase classname="tiktzuki.selenium_grid.testcases.profile_modify.TestProfileModify" name="checkUserList" time="0.001"/>
  <testcase classname="tiktzuki.selenium_grid.testcases.profile_modify.TestProfileModify" name="checkUserList" time="0.001"/>
  <testcase classname="tiktzuki.selenium_grid.testcases.profile_modify.TestProfileModify" name="checkUserList" time="0.000"/>
  <testcase classname="tiktzuki.selenium_grid.testcases.profile_modify.TestProfileModify" name="checkUserList" time="0.001"/>
</testsuite> <!-- tiktzuki.selenium_grid.testcases.profile_modify.TestProfileModify -->
