<?xml version="1.0" encoding="UTF-8"?>
<!-- Generated by org.testng.reporters.JUnitReportReporter -->
<testsuite hostname="LAPTOP-B72BE05F" failures="0" tests="6" name="tiktzuki.selenium_grid.testcases.profile_modify.TestProfileModify" time="13.233" errors="0" timestamp="23 Apr 2021 09:47:06 GMT" skipped="0">
  <testcase classname="tiktzuki.selenium_grid.testcases.profile_modify.TestProfileModify" name="login" time="2.312"/>
  <testcase classname="tiktzuki.selenium_grid.testcases.profile_modify.TestProfileModify" name="login" time="2.238"/>
  <testcase classname="tiktzuki.selenium_grid.testcases.profile_modify.TestProfileModify" name="login" time="2.223"/>
  <testcase classname="tiktzuki.selenium_grid.testcases.profile_modify.TestProfileModify" name="login" time="2.186"/>
  <testcase classname="tiktzuki.selenium_grid.testcases.profile_modify.TestProfileModify" name="login" time="2.123"/>
  <testcase classname="tiktzuki.selenium_grid.testcases.profile_modify.TestProfileModify" name="login" time="2.151"/>
</testsuite> <!-- tiktzuki.selenium_grid.testcases.profile_modify.TestProfileModify -->
